-------------------------------
ISW: start session
Today: Sun Apr 01 13:53:09 2018
-------------------------------
Сетевой демон запущен... 
Сетевой демон запущен... 
Ожидаем соединения по UDP... 
Ожидаем соединения по TCP... 
-------------------------------
ISW: start session
Today: Tue Apr 03 22:53:46 2018
-------------------------------
Сетевой демон запущен... 
Сетевой демон запущен... 
Ожидаем соединения по UDP... 
Ожидаем соединения по TCP... 
-------------------------------
ISW: start session
Today: Sat Apr 21 12:34:37 2018
-------------------------------
Сетевой демон запущен... 
Сетевой демон запущен... 
Ожидаем соединения по TCP... 
Ожидаем соединения по UDP... 
-------------------------------
ISW: start session
Today: Mon Apr 30 10:12:30 2018
-------------------------------
Сетевой демон запущен... 
Сетевой демон запущен... 
Ожидаем соединения по UDP... 
Ожидаем соединения по TCP... 
